<?xml version="1.0" encoding="UTF-8"?>
<!-- Generated by org.testng.reporters.JUnitReportReporter -->
<testsuite hostname="Sulakhe-Family5" failures="0" tests="4" name="restassured.posthook_api" time="4.030" errors="0" timestamp="15 Jul 2024 11:08:38 GMT" skipped="3">
  <testcase classname="restassured.posthook_api" name="scheduleHook" time="4.030"/>
  <testcase classname="restassured.posthook_api" name="getHook">
    <skipped/>
  </testcase> <!-- getHook -->
  <testcase classname="restassured.posthook_api" name="getHooks">
    <skipped/>
  </testcase> <!-- getHooks -->
  <testcase classname="restassured.posthook_api" name="deleteHook">
    <skipped/>
  </testcase> <!-- deleteHook -->
</testsuite> <!-- restassured.posthook_api -->
